  GL_Game.cpp
d:\z pulpitu\projekt na gry\222b daniel szymański\src\gl_game\gl_game.cpp(22): warning C4305: 'initializing': truncation from 'double' to 'float'
d:\z pulpitu\projekt na gry\222b daniel szymański\src\gl_game\gl_game.cpp(137): warning C4018: '<': signed/unsigned mismatch
d:\z pulpitu\projekt na gry\222b daniel szymański\src\gl_game\gl_game.cpp(90): warning C4996: 'fopen': This function or variable may be unsafe. Consider using fopen_s instead. To disable deprecation, use _CRT_SECURE_NO_WARNINGS. See online help for details.
  c:\program files (x86)\windows kits\10\include\10.0.15063.0\ucrt\stdio.h(207): note: see declaration of 'fopen'
d:\z pulpitu\projekt na gry\222b daniel szymański\src\gl_game\gl_game.cpp(107): warning C4996: 'sscanf': This function or variable may be unsafe. Consider using sscanf_s instead. To disable deprecation, use _CRT_SECURE_NO_WARNINGS. See online help for details.
  c:\program files (x86)\windows kits\10\include\10.0.15063.0\ucrt\stdio.h(2260): note: see declaration of 'sscanf'
d:\z pulpitu\projekt na gry\222b daniel szymański\src\gl_game\gl_game.cpp(112): warning C4996: 'sscanf': This function or variable may be unsafe. Consider using sscanf_s instead. To disable deprecation, use _CRT_SECURE_NO_WARNINGS. See online help for details.
  c:\program files (x86)\windows kits\10\include\10.0.15063.0\ucrt\stdio.h(2260): note: see declaration of 'sscanf'
d:\z pulpitu\projekt na gry\222b daniel szymański\src\gl_game\gl_game.cpp(117): warning C4996: 'sscanf': This function or variable may be unsafe. Consider using sscanf_s instead. To disable deprecation, use _CRT_SECURE_NO_WARNINGS. See online help for details.
  c:\program files (x86)\windows kits\10\include\10.0.15063.0\ucrt\stdio.h(2260): note: see declaration of 'sscanf'
d:\z pulpitu\projekt na gry\222b daniel szymański\src\gl_game\gl_game.cpp(122): warning C4996: 'sscanf': This function or variable may be unsafe. Consider using sscanf_s instead. To disable deprecation, use _CRT_SECURE_NO_WARNINGS. See online help for details.
  c:\program files (x86)\windows kits\10\include\10.0.15063.0\ucrt\stdio.h(2260): note: see declaration of 'sscanf'
d:\z pulpitu\projekt na gry\222b daniel szymański\src\gl_game\gl_game.cpp(571): warning C4305: 'initializing': truncation from 'double' to 'float'
d:\z pulpitu\projekt na gry\222b daniel szymański\src\gl_game\gl_game.cpp(841): warning C4244: 'argument': conversion from 'int' to 'GLfloat', possible loss of data
d:\z pulpitu\projekt na gry\222b daniel szymański\src\gl_game\gl_game.cpp(871): warning C4305: 'argument': truncation from 'double' to 'GLfloat'
d:\z pulpitu\projekt na gry\222b daniel szymański\src\gl_game\gl_game.cpp(875): warning C4244: 'argument': conversion from 'double' to 'GLfloat', possible loss of data
d:\z pulpitu\projekt na gry\222b daniel szymański\src\gl_game\gl_game.cpp(951): warning C4244: 'argument': conversion from 'unsigned long' to 'GLfloat', possible loss of data
d:\z pulpitu\projekt na gry\222b daniel szymański\src\gl_game\gl_game.cpp(1008): warning C4244: 'argument': conversion from 'unsigned long' to 'GLfloat', possible loss of data
d:\z pulpitu\projekt na gry\222b daniel szymański\src\gl_game\gl_game.cpp(1013): warning C4305: '-=': truncation from 'double' to 'float'
d:\z pulpitu\projekt na gry\222b daniel szymański\src\gl_game\gl_game.cpp(1017): warning C4305: '=': truncation from 'double' to 'float'
d:\z pulpitu\projekt na gry\222b daniel szymański\src\gl_game\gl_game.cpp(946): warning C4996: 'sprintf': This function or variable may be unsafe. Consider using sprintf_s instead. To disable deprecation, use _CRT_SECURE_NO_WARNINGS. See online help for details.
  c:\program files (x86)\windows kits\10\include\10.0.15063.0\ucrt\stdio.h(1772): note: see declaration of 'sprintf'
d:\z pulpitu\projekt na gry\222b daniel szymański\src\gl_game\gl_game.cpp(1036): warning C4996: 'sprintf': This function or variable may be unsafe. Consider using sprintf_s instead. To disable deprecation, use _CRT_SECURE_NO_WARNINGS. See online help for details.
  c:\program files (x86)\windows kits\10\include\10.0.15063.0\ucrt\stdio.h(1772): note: see declaration of 'sprintf'
Bitmap.obj : warning LNK4075: ignoring '/EDITANDCONTINUE' due to '/INCREMENTAL:NO' specification
  GL_Game.vcxproj -> D:\Z pulpitu\Projekt na gry\222b Daniel Szymański\src\Debug\GL_Game.exe
  D:\Z pulpitu\Projekt na gry\222b Daniel Szymański\src\freeglut\bin\freeglut.dll
          1 file(s) copied.
